ERROR - 2021-02-08 07:59:33 --> mysqli_sql_exception: Unknown column 'news.id' in 'where clause' in E:\KULIAH\PKL\rest112\system\Database\MySQLi\Connection.php:314
Stack trace:
#0 E:\KULIAH\PKL\rest112\system\Database\MySQLi\Connection.php(314): mysqli->query('SELECT *\nFROM `...')
#1 E:\KULIAH\PKL\rest112\system\Database\BaseConnection.php(713): CodeIgniter\Database\MySQLi\Connection->execute('SELECT *\nFROM `...')
#2 E:\KULIAH\PKL\rest112\system\Database\BaseConnection.php(641): CodeIgniter\Database\BaseConnection->simpleQuery('SELECT *\nFROM `...')
#3 E:\KULIAH\PKL\rest112\system\Database\BaseBuilder.php(1866): CodeIgniter\Database\BaseConnection->query('SELECT *\nFROM `...', Array, false)
#4 E:\KULIAH\PKL\rest112\system\Model.php(169): CodeIgniter\Database\BaseBuilder->get()
#5 E:\KULIAH\PKL\rest112\system\BaseModel.php(518): CodeIgniter\Model->doFind(true, '10')
#6 E:\KULIAH\PKL\rest112\app\Controllers\News.php(36): CodeIgniter\BaseModel->find('10')
#7 E:\KULIAH\PKL\rest112\system\CodeIgniter.php(936): App\Controllers\News->delete('10')
#8 E:\KULIAH\PKL\rest112\system\CodeIgniter.php(432): CodeIgniter\CodeIgniter->runController(Object(App\Controllers\News))
#9 E:\KULIAH\PKL\rest112\system\CodeIgniter.php(333): CodeIgniter\CodeIgniter->handleRequest(NULL, Object(Config\Cache), false)
#10 E:\KULIAH\PKL\rest112\public\index.php(44): CodeIgniter\CodeIgniter->run()
#11 E:\KULIAH\PKL\rest112\system\Commands\Server\rewrite.php(45): require_once('E:\\KULIAH\\PKL\\r...')
#12 {main}
CRITICAL - 2021-02-08 07:59:33 --> Unknown column 'news.id' in 'where clause'
#0 E:\KULIAH\PKL\rest112\system\Database\MySQLi\Connection.php(314): mysqli->query('SELECT *\nFROM `...')
#1 E:\KULIAH\PKL\rest112\system\Database\BaseConnection.php(713): CodeIgniter\Database\MySQLi\Connection->execute('SELECT *\nFROM `...')
#2 E:\KULIAH\PKL\rest112\system\Database\BaseConnection.php(641): CodeIgniter\Database\BaseConnection->simpleQuery('SELECT *\nFROM `...')
#3 E:\KULIAH\PKL\rest112\system\Database\BaseBuilder.php(1866): CodeIgniter\Database\BaseConnection->query('SELECT *\nFROM `...', Array, false)
#4 E:\KULIAH\PKL\rest112\system\Model.php(169): CodeIgniter\Database\BaseBuilder->get()
#5 E:\KULIAH\PKL\rest112\system\BaseModel.php(518): CodeIgniter\Model->doFind(true, '10')
#6 E:\KULIAH\PKL\rest112\app\Controllers\News.php(36): CodeIgniter\BaseModel->find('10')
#7 E:\KULIAH\PKL\rest112\system\CodeIgniter.php(936): App\Controllers\News->delete('10')
#8 E:\KULIAH\PKL\rest112\system\CodeIgniter.php(432): CodeIgniter\CodeIgniter->runController(Object(App\Controllers\News))
#9 E:\KULIAH\PKL\rest112\system\CodeIgniter.php(333): CodeIgniter\CodeIgniter->handleRequest(NULL, Object(Config\Cache), false)
#10 E:\KULIAH\PKL\rest112\public\index.php(44): CodeIgniter\CodeIgniter->run()
#11 E:\KULIAH\PKL\rest112\system\Commands\Server\rewrite.php(45): require_once('E:\\KULIAH\\PKL\\r...')
#12 {main}
ERROR - 2021-02-08 08:00:14 --> mysqli_sql_exception: Unknown column 'news.id' in 'where clause' in E:\KULIAH\PKL\rest112\system\Database\MySQLi\Connection.php:314
Stack trace:
#0 E:\KULIAH\PKL\rest112\system\Database\MySQLi\Connection.php(314): mysqli->query('SELECT *\nFROM `...')
#1 E:\KULIAH\PKL\rest112\system\Database\BaseConnection.php(713): CodeIgniter\Database\MySQLi\Connection->execute('SELECT *\nFROM `...')
#2 E:\KULIAH\PKL\rest112\system\Database\BaseConnection.php(641): CodeIgniter\Database\BaseConnection->simpleQuery('SELECT *\nFROM `...')
#3 E:\KULIAH\PKL\rest112\system\Database\BaseBuilder.php(1866): CodeIgniter\Database\BaseConnection->query('SELECT *\nFROM `...', Array, false)
#4 E:\KULIAH\PKL\rest112\system\Model.php(169): CodeIgniter\Database\BaseBuilder->get()
#5 E:\KULIAH\PKL\rest112\system\BaseModel.php(518): CodeIgniter\Model->doFind(true, '44')
#6 E:\KULIAH\PKL\rest112\app\Controllers\News.php(36): CodeIgniter\BaseModel->find('44')
#7 E:\KULIAH\PKL\rest112\system\CodeIgniter.php(936): App\Controllers\News->delete('44')
#8 E:\KULIAH\PKL\rest112\system\CodeIgniter.php(432): CodeIgniter\CodeIgniter->runController(Object(App\Controllers\News))
#9 E:\KULIAH\PKL\rest112\system\CodeIgniter.php(333): CodeIgniter\CodeIgniter->handleRequest(NULL, Object(Config\Cache), false)
#10 E:\KULIAH\PKL\rest112\public\index.php(44): CodeIgniter\CodeIgniter->run()
#11 E:\KULIAH\PKL\rest112\system\Commands\Server\rewrite.php(45): require_once('E:\\KULIAH\\PKL\\r...')
#12 {main}
CRITICAL - 2021-02-08 08:00:14 --> Unknown column 'news.id' in 'where clause'
#0 E:\KULIAH\PKL\rest112\system\Database\MySQLi\Connection.php(314): mysqli->query('SELECT *\nFROM `...')
#1 E:\KULIAH\PKL\rest112\system\Database\BaseConnection.php(713): CodeIgniter\Database\MySQLi\Connection->execute('SELECT *\nFROM `...')
#2 E:\KULIAH\PKL\rest112\system\Database\BaseConnection.php(641): CodeIgniter\Database\BaseConnection->simpleQuery('SELECT *\nFROM `...')
#3 E:\KULIAH\PKL\rest112\system\Database\BaseBuilder.php(1866): CodeIgniter\Database\BaseConnection->query('SELECT *\nFROM `...', Array, false)
#4 E:\KULIAH\PKL\rest112\system\Model.php(169): CodeIgniter\Database\BaseBuilder->get()
#5 E:\KULIAH\PKL\rest112\system\BaseModel.php(518): CodeIgniter\Model->doFind(true, '44')
#6 E:\KULIAH\PKL\rest112\app\Controllers\News.php(36): CodeIgniter\BaseModel->find('44')
#7 E:\KULIAH\PKL\rest112\system\CodeIgniter.php(936): App\Controllers\News->delete('44')
#8 E:\KULIAH\PKL\rest112\system\CodeIgniter.php(432): CodeIgniter\CodeIgniter->runController(Object(App\Controllers\News))
#9 E:\KULIAH\PKL\rest112\system\CodeIgniter.php(333): CodeIgniter\CodeIgniter->handleRequest(NULL, Object(Config\Cache), false)
#10 E:\KULIAH\PKL\rest112\public\index.php(44): CodeIgniter\CodeIgniter->run()
#11 E:\KULIAH\PKL\rest112\system\Commands\Server\rewrite.php(45): require_once('E:\\KULIAH\\PKL\\r...')
#12 {main}
ERROR - 2021-02-08 08:01:03 --> mysqli_sql_exception: Unknown column 'news.id' in 'where clause' in E:\KULIAH\PKL\rest112\system\Database\MySQLi\Connection.php:314
Stack trace:
#0 E:\KULIAH\PKL\rest112\system\Database\MySQLi\Connection.php(314): mysqli->query('SELECT *\nFROM `...')
#1 E:\KULIAH\PKL\rest112\system\Database\BaseConnection.php(713): CodeIgniter\Database\MySQLi\Connection->execute('SELECT *\nFROM `...')
#2 E:\KULIAH\PKL\rest112\system\Database\BaseConnection.php(641): CodeIgniter\Database\BaseConnection->simpleQuery('SELECT *\nFROM `...')
#3 E:\KULIAH\PKL\rest112\system\Database\BaseBuilder.php(1866): CodeIgniter\Database\BaseConnection->query('SELECT *\nFROM `...', Array, false)
#4 E:\KULIAH\PKL\rest112\system\Model.php(163): CodeIgniter\Database\BaseBuilder->get()
#5 E:\KULIAH\PKL\rest112\system\BaseModel.php(518): CodeIgniter\Model->doFind(false, Array)
#6 E:\KULIAH\PKL\rest112\app\Controllers\News.php(36): CodeIgniter\BaseModel->find(Array)
#7 E:\KULIAH\PKL\rest112\system\CodeIgniter.php(936): App\Controllers\News->delete('44')
#8 E:\KULIAH\PKL\rest112\system\CodeIgniter.php(432): CodeIgniter\CodeIgniter->runController(Object(App\Controllers\News))
#9 E:\KULIAH\PKL\rest112\system\CodeIgniter.php(333): CodeIgniter\CodeIgniter->handleRequest(NULL, Object(Config\Cache), false)
#10 E:\KULIAH\PKL\rest112\public\index.php(44): CodeIgniter\CodeIgniter->run()
#11 E:\KULIAH\PKL\rest112\system\Commands\Server\rewrite.php(45): require_once('E:\\KULIAH\\PKL\\r...')
#12 {main}
CRITICAL - 2021-02-08 08:01:03 --> Unknown column 'news.id' in 'where clause'
#0 E:\KULIAH\PKL\rest112\system\Database\MySQLi\Connection.php(314): mysqli->query('SELECT *\nFROM `...')
#1 E:\KULIAH\PKL\rest112\system\Database\BaseConnection.php(713): CodeIgniter\Database\MySQLi\Connection->execute('SELECT *\nFROM `...')
#2 E:\KULIAH\PKL\rest112\system\Database\BaseConnection.php(641): CodeIgniter\Database\BaseConnection->simpleQuery('SELECT *\nFROM `...')
#3 E:\KULIAH\PKL\rest112\system\Database\BaseBuilder.php(1866): CodeIgniter\Database\BaseConnection->query('SELECT *\nFROM `...', Array, false)
#4 E:\KULIAH\PKL\rest112\system\Model.php(163): CodeIgniter\Database\BaseBuilder->get()
#5 E:\KULIAH\PKL\rest112\system\BaseModel.php(518): CodeIgniter\Model->doFind(false, Array)
#6 E:\KULIAH\PKL\rest112\app\Controllers\News.php(36): CodeIgniter\BaseModel->find(Array)
#7 E:\KULIAH\PKL\rest112\system\CodeIgniter.php(936): App\Controllers\News->delete('44')
#8 E:\KULIAH\PKL\rest112\system\CodeIgniter.php(432): CodeIgniter\CodeIgniter->runController(Object(App\Controllers\News))
#9 E:\KULIAH\PKL\rest112\system\CodeIgniter.php(333): CodeIgniter\CodeIgniter->handleRequest(NULL, Object(Config\Cache), false)
#10 E:\KULIAH\PKL\rest112\public\index.php(44): CodeIgniter\CodeIgniter->run()
#11 E:\KULIAH\PKL\rest112\system\Commands\Server\rewrite.php(45): require_once('E:\\KULIAH\\PKL\\r...')
#12 {main}
ERROR - 2021-02-08 08:01:33 --> mysqli_sql_exception: Unknown column 'news.id' in 'where clause' in E:\KULIAH\PKL\rest112\system\Database\MySQLi\Connection.php:314
Stack trace:
#0 E:\KULIAH\PKL\rest112\system\Database\MySQLi\Connection.php(314): mysqli->query('SELECT *\nFROM `...')
#1 E:\KULIAH\PKL\rest112\system\Database\BaseConnection.php(713): CodeIgniter\Database\MySQLi\Connection->execute('SELECT *\nFROM `...')
#2 E:\KULIAH\PKL\rest112\system\Database\BaseConnection.php(641): CodeIgniter\Database\BaseConnection->simpleQuery('SELECT *\nFROM `...')
#3 E:\KULIAH\PKL\rest112\system\Database\BaseBuilder.php(1866): CodeIgniter\Database\BaseConnection->query('SELECT *\nFROM `...', Array, false)
#4 E:\KULIAH\PKL\rest112\system\Model.php(163): CodeIgniter\Database\BaseBuilder->get()
#5 E:\KULIAH\PKL\rest112\system\BaseModel.php(518): CodeIgniter\Model->doFind(false, Array)
#6 E:\KULIAH\PKL\rest112\app\Controllers\News.php(36): CodeIgniter\BaseModel->find(Array)
#7 E:\KULIAH\PKL\rest112\system\CodeIgniter.php(936): App\Controllers\News->delete('44')
#8 E:\KULIAH\PKL\rest112\system\CodeIgniter.php(432): CodeIgniter\CodeIgniter->runController(Object(App\Controllers\News))
#9 E:\KULIAH\PKL\rest112\system\CodeIgniter.php(333): CodeIgniter\CodeIgniter->handleRequest(NULL, Object(Config\Cache), false)
#10 E:\KULIAH\PKL\rest112\public\index.php(44): CodeIgniter\CodeIgniter->run()
#11 E:\KULIAH\PKL\rest112\system\Commands\Server\rewrite.php(45): require_once('E:\\KULIAH\\PKL\\r...')
#12 {main}
CRITICAL - 2021-02-08 08:01:33 --> Unknown column 'news.id' in 'where clause'
#0 E:\KULIAH\PKL\rest112\system\Database\MySQLi\Connection.php(314): mysqli->query('SELECT *\nFROM `...')
#1 E:\KULIAH\PKL\rest112\system\Database\BaseConnection.php(713): CodeIgniter\Database\MySQLi\Connection->execute('SELECT *\nFROM `...')
#2 E:\KULIAH\PKL\rest112\system\Database\BaseConnection.php(641): CodeIgniter\Database\BaseConnection->simpleQuery('SELECT *\nFROM `...')
#3 E:\KULIAH\PKL\rest112\system\Database\BaseBuilder.php(1866): CodeIgniter\Database\BaseConnection->query('SELECT *\nFROM `...', Array, false)
#4 E:\KULIAH\PKL\rest112\system\Model.php(163): CodeIgniter\Database\BaseBuilder->get()
#5 E:\KULIAH\PKL\rest112\system\BaseModel.php(518): CodeIgniter\Model->doFind(false, Array)
#6 E:\KULIAH\PKL\rest112\app\Controllers\News.php(36): CodeIgniter\BaseModel->find(Array)
#7 E:\KULIAH\PKL\rest112\system\CodeIgniter.php(936): App\Controllers\News->delete('44')
#8 E:\KULIAH\PKL\rest112\system\CodeIgniter.php(432): CodeIgniter\CodeIgniter->runController(Object(App\Controllers\News))
#9 E:\KULIAH\PKL\rest112\system\CodeIgniter.php(333): CodeIgniter\CodeIgniter->handleRequest(NULL, Object(Config\Cache), false)
#10 E:\KULIAH\PKL\rest112\public\index.php(44): CodeIgniter\CodeIgniter->run()
#11 E:\KULIAH\PKL\rest112\system\Commands\Server\rewrite.php(45): require_once('E:\\KULIAH\\PKL\\r...')
#12 {main}
ERROR - 2021-02-08 08:02:00 --> mysqli_sql_exception: Unknown column 'news.id' in 'where clause' in E:\KULIAH\PKL\rest112\system\Database\MySQLi\Connection.php:314
Stack trace:
#0 E:\KULIAH\PKL\rest112\system\Database\MySQLi\Connection.php(314): mysqli->query('SELECT *\nFROM `...')
#1 E:\KULIAH\PKL\rest112\system\Database\BaseConnection.php(713): CodeIgniter\Database\MySQLi\Connection->execute('SELECT *\nFROM `...')
#2 E:\KULIAH\PKL\rest112\system\Database\BaseConnection.php(641): CodeIgniter\Database\BaseConnection->simpleQuery('SELECT *\nFROM `...')
#3 E:\KULIAH\PKL\rest112\system\Database\BaseBuilder.php(1866): CodeIgniter\Database\BaseConnection->query('SELECT *\nFROM `...', Array, false)
#4 E:\KULIAH\PKL\rest112\system\Model.php(169): CodeIgniter\Database\BaseBuilder->get()
#5 E:\KULIAH\PKL\rest112\system\BaseModel.php(518): CodeIgniter\Model->doFind(true, '44')
#6 E:\KULIAH\PKL\rest112\app\Controllers\News.php(36): CodeIgniter\BaseModel->find('44')
#7 E:\KULIAH\PKL\rest112\system\CodeIgniter.php(936): App\Controllers\News->delete('44')
#8 E:\KULIAH\PKL\rest112\system\CodeIgniter.php(432): CodeIgniter\CodeIgniter->runController(Object(App\Controllers\News))
#9 E:\KULIAH\PKL\rest112\system\CodeIgniter.php(333): CodeIgniter\CodeIgniter->handleRequest(NULL, Object(Config\Cache), false)
#10 E:\KULIAH\PKL\rest112\public\index.php(44): CodeIgniter\CodeIgniter->run()
#11 E:\KULIAH\PKL\rest112\system\Commands\Server\rewrite.php(45): require_once('E:\\KULIAH\\PKL\\r...')
#12 {main}
CRITICAL - 2021-02-08 08:02:00 --> Unknown column 'news.id' in 'where clause'
#0 E:\KULIAH\PKL\rest112\system\Database\MySQLi\Connection.php(314): mysqli->query('SELECT *\nFROM `...')
#1 E:\KULIAH\PKL\rest112\system\Database\BaseConnection.php(713): CodeIgniter\Database\MySQLi\Connection->execute('SELECT *\nFROM `...')
#2 E:\KULIAH\PKL\rest112\system\Database\BaseConnection.php(641): CodeIgniter\Database\BaseConnection->simpleQuery('SELECT *\nFROM `...')
#3 E:\KULIAH\PKL\rest112\system\Database\BaseBuilder.php(1866): CodeIgniter\Database\BaseConnection->query('SELECT *\nFROM `...', Array, false)
#4 E:\KULIAH\PKL\rest112\system\Model.php(169): CodeIgniter\Database\BaseBuilder->get()
#5 E:\KULIAH\PKL\rest112\system\BaseModel.php(518): CodeIgniter\Model->doFind(true, '44')
#6 E:\KULIAH\PKL\rest112\app\Controllers\News.php(36): CodeIgniter\BaseModel->find('44')
#7 E:\KULIAH\PKL\rest112\system\CodeIgniter.php(936): App\Controllers\News->delete('44')
#8 E:\KULIAH\PKL\rest112\system\CodeIgniter.php(432): CodeIgniter\CodeIgniter->runController(Object(App\Controllers\News))
#9 E:\KULIAH\PKL\rest112\system\CodeIgniter.php(333): CodeIgniter\CodeIgniter->handleRequest(NULL, Object(Config\Cache), false)
#10 E:\KULIAH\PKL\rest112\public\index.php(44): CodeIgniter\CodeIgniter->run()
#11 E:\KULIAH\PKL\rest112\system\Commands\Server\rewrite.php(45): require_once('E:\\KULIAH\\PKL\\r...')
#12 {main}
ERROR - 2021-02-08 16:26:22 --> mysqli_sql_exception: Unknown column 'news.id' in 'where clause' in E:\KULIAH\PKL\rest112\system\Database\MySQLi\Connection.php:314
Stack trace:
#0 E:\KULIAH\PKL\rest112\system\Database\MySQLi\Connection.php(314): mysqli->query('SELECT *\nFROM `...')
#1 E:\KULIAH\PKL\rest112\system\Database\BaseConnection.php(713): CodeIgniter\Database\MySQLi\Connection->execute('SELECT *\nFROM `...')
#2 E:\KULIAH\PKL\rest112\system\Database\BaseConnection.php(641): CodeIgniter\Database\BaseConnection->simpleQuery('SELECT *\nFROM `...')
#3 E:\KULIAH\PKL\rest112\system\Database\BaseBuilder.php(1866): CodeIgniter\Database\BaseConnection->query('SELECT *\nFROM `...', Array, false)
#4 E:\KULIAH\PKL\rest112\system\Model.php(169): CodeIgniter\Database\BaseBuilder->get()
#5 E:\KULIAH\PKL\rest112\system\BaseModel.php(518): CodeIgniter\Model->doFind(true, '42')
#6 E:\KULIAH\PKL\rest112\app\Controllers\News.php(36): CodeIgniter\BaseModel->find('42')
#7 E:\KULIAH\PKL\rest112\system\CodeIgniter.php(936): App\Controllers\News->delete('42')
#8 E:\KULIAH\PKL\rest112\system\CodeIgniter.php(432): CodeIgniter\CodeIgniter->runController(Object(App\Controllers\News))
#9 E:\KULIAH\PKL\rest112\system\CodeIgniter.php(333): CodeIgniter\CodeIgniter->handleRequest(NULL, Object(Config\Cache), false)
#10 E:\KULIAH\PKL\rest112\public\index.php(44): CodeIgniter\CodeIgniter->run()
#11 E:\KULIAH\PKL\rest112\system\Commands\Server\rewrite.php(45): require_once('E:\\KULIAH\\PKL\\r...')
#12 {main}
CRITICAL - 2021-02-08 16:26:22 --> Unknown column 'news.id' in 'where clause'
#0 E:\KULIAH\PKL\rest112\system\Database\MySQLi\Connection.php(314): mysqli->query('SELECT *\nFROM `...')
#1 E:\KULIAH\PKL\rest112\system\Database\BaseConnection.php(713): CodeIgniter\Database\MySQLi\Connection->execute('SELECT *\nFROM `...')
#2 E:\KULIAH\PKL\rest112\system\Database\BaseConnection.php(641): CodeIgniter\Database\BaseConnection->simpleQuery('SELECT *\nFROM `...')
#3 E:\KULIAH\PKL\rest112\system\Database\BaseBuilder.php(1866): CodeIgniter\Database\BaseConnection->query('SELECT *\nFROM `...', Array, false)
#4 E:\KULIAH\PKL\rest112\system\Model.php(169): CodeIgniter\Database\BaseBuilder->get()
#5 E:\KULIAH\PKL\rest112\system\BaseModel.php(518): CodeIgniter\Model->doFind(true, '42')
#6 E:\KULIAH\PKL\rest112\app\Controllers\News.php(36): CodeIgniter\BaseModel->find('42')
#7 E:\KULIAH\PKL\rest112\system\CodeIgniter.php(936): App\Controllers\News->delete('42')
#8 E:\KULIAH\PKL\rest112\system\CodeIgniter.php(432): CodeIgniter\CodeIgniter->runController(Object(App\Controllers\News))
#9 E:\KULIAH\PKL\rest112\system\CodeIgniter.php(333): CodeIgniter\CodeIgniter->handleRequest(NULL, Object(Config\Cache), false)
#10 E:\KULIAH\PKL\rest112\public\index.php(44): CodeIgniter\CodeIgniter->run()
#11 E:\KULIAH\PKL\rest112\system\Commands\Server\rewrite.php(45): require_once('E:\\KULIAH\\PKL\\r...')
#12 {main}
ERROR - 2021-02-08 16:28:03 --> mysqli_sql_exception: Unknown column 'news.id' in 'where clause' in E:\KULIAH\PKL\rest112\system\Database\MySQLi\Connection.php:314
Stack trace:
#0 E:\KULIAH\PKL\rest112\system\Database\MySQLi\Connection.php(314): mysqli->query('SELECT *\nFROM `...')
#1 E:\KULIAH\PKL\rest112\system\Database\BaseConnection.php(713): CodeIgniter\Database\MySQLi\Connection->execute('SELECT *\nFROM `...')
#2 E:\KULIAH\PKL\rest112\system\Database\BaseConnection.php(641): CodeIgniter\Database\BaseConnection->simpleQuery('SELECT *\nFROM `...')
#3 E:\KULIAH\PKL\rest112\system\Database\BaseBuilder.php(1866): CodeIgniter\Database\BaseConnection->query('SELECT *\nFROM `...', Array, false)
#4 E:\KULIAH\PKL\rest112\system\Model.php(163): CodeIgniter\Database\BaseBuilder->get()
#5 E:\KULIAH\PKL\rest112\system\BaseModel.php(518): CodeIgniter\Model->doFind(false, Array)
#6 E:\KULIAH\PKL\rest112\app\Controllers\News.php(36): CodeIgniter\BaseModel->find(Array)
#7 E:\KULIAH\PKL\rest112\system\CodeIgniter.php(936): App\Controllers\News->delete('42')
#8 E:\KULIAH\PKL\rest112\system\CodeIgniter.php(432): CodeIgniter\CodeIgniter->runController(Object(App\Controllers\News))
#9 E:\KULIAH\PKL\rest112\system\CodeIgniter.php(333): CodeIgniter\CodeIgniter->handleRequest(NULL, Object(Config\Cache), false)
#10 E:\KULIAH\PKL\rest112\public\index.php(44): CodeIgniter\CodeIgniter->run()
#11 E:\KULIAH\PKL\rest112\system\Commands\Server\rewrite.php(45): require_once('E:\\KULIAH\\PKL\\r...')
#12 {main}
CRITICAL - 2021-02-08 16:28:03 --> Unknown column 'news.id' in 'where clause'
#0 E:\KULIAH\PKL\rest112\system\Database\MySQLi\Connection.php(314): mysqli->query('SELECT *\nFROM `...')
#1 E:\KULIAH\PKL\rest112\system\Database\BaseConnection.php(713): CodeIgniter\Database\MySQLi\Connection->execute('SELECT *\nFROM `...')
#2 E:\KULIAH\PKL\rest112\system\Database\BaseConnection.php(641): CodeIgniter\Database\BaseConnection->simpleQuery('SELECT *\nFROM `...')
#3 E:\KULIAH\PKL\rest112\system\Database\BaseBuilder.php(1866): CodeIgniter\Database\BaseConnection->query('SELECT *\nFROM `...', Array, false)
#4 E:\KULIAH\PKL\rest112\system\Model.php(163): CodeIgniter\Database\BaseBuilder->get()
#5 E:\KULIAH\PKL\rest112\system\BaseModel.php(518): CodeIgniter\Model->doFind(false, Array)
#6 E:\KULIAH\PKL\rest112\app\Controllers\News.php(36): CodeIgniter\BaseModel->find(Array)
#7 E:\KULIAH\PKL\rest112\system\CodeIgniter.php(936): App\Controllers\News->delete('42')
#8 E:\KULIAH\PKL\rest112\system\CodeIgniter.php(432): CodeIgniter\CodeIgniter->runController(Object(App\Controllers\News))
#9 E:\KULIAH\PKL\rest112\system\CodeIgniter.php(333): CodeIgniter\CodeIgniter->handleRequest(NULL, Object(Config\Cache), false)
#10 E:\KULIAH\PKL\rest112\public\index.php(44): CodeIgniter\CodeIgniter->run()
#11 E:\KULIAH\PKL\rest112\system\Commands\Server\rewrite.php(45): require_once('E:\\KULIAH\\PKL\\r...')
#12 {main}
ERROR - 2021-02-08 16:29:09 --> mysqli_sql_exception: Unknown column 'news.id' in 'where clause' in E:\KULIAH\PKL\rest112\system\Database\MySQLi\Connection.php:314
Stack trace:
#0 E:\KULIAH\PKL\rest112\system\Database\MySQLi\Connection.php(314): mysqli->query('SELECT *\nFROM `...')
#1 E:\KULIAH\PKL\rest112\system\Database\BaseConnection.php(713): CodeIgniter\Database\MySQLi\Connection->execute('SELECT *\nFROM `...')
#2 E:\KULIAH\PKL\rest112\system\Database\BaseConnection.php(641): CodeIgniter\Database\BaseConnection->simpleQuery('SELECT *\nFROM `...')
#3 E:\KULIAH\PKL\rest112\system\Database\BaseBuilder.php(1866): CodeIgniter\Database\BaseConnection->query('SELECT *\nFROM `...', Array, false)
#4 E:\KULIAH\PKL\rest112\system\Model.php(169): CodeIgniter\Database\BaseBuilder->get()
#5 E:\KULIAH\PKL\rest112\system\BaseModel.php(518): CodeIgniter\Model->doFind(true, '42')
#6 E:\KULIAH\PKL\rest112\app\Controllers\News.php(36): CodeIgniter\BaseModel->find('42')
#7 E:\KULIAH\PKL\rest112\system\CodeIgniter.php(936): App\Controllers\News->delete('42')
#8 E:\KULIAH\PKL\rest112\system\CodeIgniter.php(432): CodeIgniter\CodeIgniter->runController(Object(App\Controllers\News))
#9 E:\KULIAH\PKL\rest112\system\CodeIgniter.php(333): CodeIgniter\CodeIgniter->handleRequest(NULL, Object(Config\Cache), false)
#10 E:\KULIAH\PKL\rest112\public\index.php(44): CodeIgniter\CodeIgniter->run()
#11 E:\KULIAH\PKL\rest112\system\Commands\Server\rewrite.php(45): require_once('E:\\KULIAH\\PKL\\r...')
#12 {main}
CRITICAL - 2021-02-08 16:29:09 --> Unknown column 'news.id' in 'where clause'
#0 E:\KULIAH\PKL\rest112\system\Database\MySQLi\Connection.php(314): mysqli->query('SELECT *\nFROM `...')
#1 E:\KULIAH\PKL\rest112\system\Database\BaseConnection.php(713): CodeIgniter\Database\MySQLi\Connection->execute('SELECT *\nFROM `...')
#2 E:\KULIAH\PKL\rest112\system\Database\BaseConnection.php(641): CodeIgniter\Database\BaseConnection->simpleQuery('SELECT *\nFROM `...')
#3 E:\KULIAH\PKL\rest112\system\Database\BaseBuilder.php(1866): CodeIgniter\Database\BaseConnection->query('SELECT *\nFROM `...', Array, false)
#4 E:\KULIAH\PKL\rest112\system\Model.php(169): CodeIgniter\Database\BaseBuilder->get()
#5 E:\KULIAH\PKL\rest112\system\BaseModel.php(518): CodeIgniter\Model->doFind(true, '42')
#6 E:\KULIAH\PKL\rest112\app\Controllers\News.php(36): CodeIgniter\BaseModel->find('42')
#7 E:\KULIAH\PKL\rest112\system\CodeIgniter.php(936): App\Controllers\News->delete('42')
#8 E:\KULIAH\PKL\rest112\system\CodeIgniter.php(432): CodeIgniter\CodeIgniter->runController(Object(App\Controllers\News))
#9 E:\KULIAH\PKL\rest112\system\CodeIgniter.php(333): CodeIgniter\CodeIgniter->handleRequest(NULL, Object(Config\Cache), false)
#10 E:\KULIAH\PKL\rest112\public\index.php(44): CodeIgniter\CodeIgniter->run()
#11 E:\KULIAH\PKL\rest112\system\Commands\Server\rewrite.php(45): require_once('E:\\KULIAH\\PKL\\r...')
#12 {main}
ERROR - 2021-02-08 16:29:23 --> mysqli_sql_exception: Unknown column 'news.id' in 'where clause' in E:\KULIAH\PKL\rest112\system\Database\MySQLi\Connection.php:314
Stack trace:
#0 E:\KULIAH\PKL\rest112\system\Database\MySQLi\Connection.php(314): mysqli->query('SELECT *\nFROM `...')
#1 E:\KULIAH\PKL\rest112\system\Database\BaseConnection.php(713): CodeIgniter\Database\MySQLi\Connection->execute('SELECT *\nFROM `...')
#2 E:\KULIAH\PKL\rest112\system\Database\BaseConnection.php(641): CodeIgniter\Database\BaseConnection->simpleQuery('SELECT *\nFROM `...')
#3 E:\KULIAH\PKL\rest112\system\Database\BaseBuilder.php(1866): CodeIgniter\Database\BaseConnection->query('SELECT *\nFROM `...', Array, false)
#4 E:\KULIAH\PKL\rest112\system\Model.php(163): CodeIgniter\Database\BaseBuilder->get()
#5 E:\KULIAH\PKL\rest112\system\BaseModel.php(518): CodeIgniter\Model->doFind(false, Array)
#6 E:\KULIAH\PKL\rest112\app\Controllers\News.php(36): CodeIgniter\BaseModel->find(Array)
#7 E:\KULIAH\PKL\rest112\system\CodeIgniter.php(936): App\Controllers\News->delete('42')
#8 E:\KULIAH\PKL\rest112\system\CodeIgniter.php(432): CodeIgniter\CodeIgniter->runController(Object(App\Controllers\News))
#9 E:\KULIAH\PKL\rest112\system\CodeIgniter.php(333): CodeIgniter\CodeIgniter->handleRequest(NULL, Object(Config\Cache), false)
#10 E:\KULIAH\PKL\rest112\public\index.php(44): CodeIgniter\CodeIgniter->run()
#11 E:\KULIAH\PKL\rest112\system\Commands\Server\rewrite.php(45): require_once('E:\\KULIAH\\PKL\\r...')
#12 {main}
CRITICAL - 2021-02-08 16:29:23 --> Unknown column 'news.id' in 'where clause'
#0 E:\KULIAH\PKL\rest112\system\Database\MySQLi\Connection.php(314): mysqli->query('SELECT *\nFROM `...')
#1 E:\KULIAH\PKL\rest112\system\Database\BaseConnection.php(713): CodeIgniter\Database\MySQLi\Connection->execute('SELECT *\nFROM `...')
#2 E:\KULIAH\PKL\rest112\system\Database\BaseConnection.php(641): CodeIgniter\Database\BaseConnection->simpleQuery('SELECT *\nFROM `...')
#3 E:\KULIAH\PKL\rest112\system\Database\BaseBuilder.php(1866): CodeIgniter\Database\BaseConnection->query('SELECT *\nFROM `...', Array, false)
#4 E:\KULIAH\PKL\rest112\system\Model.php(163): CodeIgniter\Database\BaseBuilder->get()
#5 E:\KULIAH\PKL\rest112\system\BaseModel.php(518): CodeIgniter\Model->doFind(false, Array)
#6 E:\KULIAH\PKL\rest112\app\Controllers\News.php(36): CodeIgniter\BaseModel->find(Array)
#7 E:\KULIAH\PKL\rest112\system\CodeIgniter.php(936): App\Controllers\News->delete('42')
#8 E:\KULIAH\PKL\rest112\system\CodeIgniter.php(432): CodeIgniter\CodeIgniter->runController(Object(App\Controllers\News))
#9 E:\KULIAH\PKL\rest112\system\CodeIgniter.php(333): CodeIgniter\CodeIgniter->handleRequest(NULL, Object(Config\Cache), false)
#10 E:\KULIAH\PKL\rest112\public\index.php(44): CodeIgniter\CodeIgniter->run()
#11 E:\KULIAH\PKL\rest112\system\Commands\Server\rewrite.php(45): require_once('E:\\KULIAH\\PKL\\r...')
#12 {main}
ERROR - 2021-02-08 16:30:42 --> mysqli_sql_exception: Unknown column 'news.id' in 'where clause' in E:\KULIAH\PKL\rest112\system\Database\MySQLi\Connection.php:314
Stack trace:
#0 E:\KULIAH\PKL\rest112\system\Database\MySQLi\Connection.php(314): mysqli->query('SELECT *\nFROM `...')
#1 E:\KULIAH\PKL\rest112\system\Database\BaseConnection.php(713): CodeIgniter\Database\MySQLi\Connection->execute('SELECT *\nFROM `...')
#2 E:\KULIAH\PKL\rest112\system\Database\BaseConnection.php(641): CodeIgniter\Database\BaseConnection->simpleQuery('SELECT *\nFROM `...')
#3 E:\KULIAH\PKL\rest112\system\Database\BaseBuilder.php(1866): CodeIgniter\Database\BaseConnection->query('SELECT *\nFROM `...', Array, false)
#4 E:\KULIAH\PKL\rest112\system\Model.php(169): CodeIgniter\Database\BaseBuilder->get()
#5 E:\KULIAH\PKL\rest112\system\BaseModel.php(518): CodeIgniter\Model->doFind(true, '42')
#6 E:\KULIAH\PKL\rest112\app\Controllers\News.php(36): CodeIgniter\BaseModel->find('42')
#7 E:\KULIAH\PKL\rest112\system\CodeIgniter.php(936): App\Controllers\News->delete('42')
#8 E:\KULIAH\PKL\rest112\system\CodeIgniter.php(432): CodeIgniter\CodeIgniter->runController(Object(App\Controllers\News))
#9 E:\KULIAH\PKL\rest112\system\CodeIgniter.php(333): CodeIgniter\CodeIgniter->handleRequest(NULL, Object(Config\Cache), false)
#10 E:\KULIAH\PKL\rest112\public\index.php(44): CodeIgniter\CodeIgniter->run()
#11 E:\KULIAH\PKL\rest112\system\Commands\Server\rewrite.php(45): require_once('E:\\KULIAH\\PKL\\r...')
#12 {main}
CRITICAL - 2021-02-08 16:30:42 --> Unknown column 'news.id' in 'where clause'
#0 E:\KULIAH\PKL\rest112\system\Database\MySQLi\Connection.php(314): mysqli->query('SELECT *\nFROM `...')
#1 E:\KULIAH\PKL\rest112\system\Database\BaseConnection.php(713): CodeIgniter\Database\MySQLi\Connection->execute('SELECT *\nFROM `...')
#2 E:\KULIAH\PKL\rest112\system\Database\BaseConnection.php(641): CodeIgniter\Database\BaseConnection->simpleQuery('SELECT *\nFROM `...')
#3 E:\KULIAH\PKL\rest112\system\Database\BaseBuilder.php(1866): CodeIgniter\Database\BaseConnection->query('SELECT *\nFROM `...', Array, false)
#4 E:\KULIAH\PKL\rest112\system\Model.php(169): CodeIgniter\Database\BaseBuilder->get()
#5 E:\KULIAH\PKL\rest112\system\BaseModel.php(518): CodeIgniter\Model->doFind(true, '42')
#6 E:\KULIAH\PKL\rest112\app\Controllers\News.php(36): CodeIgniter\BaseModel->find('42')
#7 E:\KULIAH\PKL\rest112\system\CodeIgniter.php(936): App\Controllers\News->delete('42')
#8 E:\KULIAH\PKL\rest112\system\CodeIgniter.php(432): CodeIgniter\CodeIgniter->runController(Object(App\Controllers\News))
#9 E:\KULIAH\PKL\rest112\system\CodeIgniter.php(333): CodeIgniter\CodeIgniter->handleRequest(NULL, Object(Config\Cache), false)
#10 E:\KULIAH\PKL\rest112\public\index.php(44): CodeIgniter\CodeIgniter->run()
#11 E:\KULIAH\PKL\rest112\system\Commands\Server\rewrite.php(45): require_once('E:\\KULIAH\\PKL\\r...')
#12 {main}
ERROR - 2021-02-08 16:33:32 --> mysqli_sql_exception: Unknown column 'feedback.id' in 'where clause' in E:\KULIAH\PKL\rest112\system\Database\MySQLi\Connection.php:314
Stack trace:
#0 E:\KULIAH\PKL\rest112\system\Database\MySQLi\Connection.php(314): mysqli->query('SELECT *\nFROM `...')
#1 E:\KULIAH\PKL\rest112\system\Database\BaseConnection.php(713): CodeIgniter\Database\MySQLi\Connection->execute('SELECT *\nFROM `...')
#2 E:\KULIAH\PKL\rest112\system\Database\BaseConnection.php(641): CodeIgniter\Database\BaseConnection->simpleQuery('SELECT *\nFROM `...')
#3 E:\KULIAH\PKL\rest112\system\Database\BaseBuilder.php(1866): CodeIgniter\Database\BaseConnection->query('SELECT *\nFROM `...', Array, false)
#4 E:\KULIAH\PKL\rest112\system\Model.php(169): CodeIgniter\Database\BaseBuilder->get()
#5 E:\KULIAH\PKL\rest112\system\BaseModel.php(518): CodeIgniter\Model->doFind(true, '8')
#6 E:\KULIAH\PKL\rest112\app\Controllers\Feedback.php(36): CodeIgniter\BaseModel->find('8')
#7 E:\KULIAH\PKL\rest112\system\CodeIgniter.php(936): App\Controllers\Feedback->delete('8')
#8 E:\KULIAH\PKL\rest112\system\CodeIgniter.php(432): CodeIgniter\CodeIgniter->runController(Object(App\Controllers\Feedback))
#9 E:\KULIAH\PKL\rest112\system\CodeIgniter.php(333): CodeIgniter\CodeIgniter->handleRequest(NULL, Object(Config\Cache), false)
#10 E:\KULIAH\PKL\rest112\public\index.php(44): CodeIgniter\CodeIgniter->run()
#11 E:\KULIAH\PKL\rest112\system\Commands\Server\rewrite.php(45): require_once('E:\\KULIAH\\PKL\\r...')
#12 {main}
CRITICAL - 2021-02-08 16:33:33 --> Unknown column 'feedback.id' in 'where clause'
#0 E:\KULIAH\PKL\rest112\system\Database\MySQLi\Connection.php(314): mysqli->query('SELECT *\nFROM `...')
#1 E:\KULIAH\PKL\rest112\system\Database\BaseConnection.php(713): CodeIgniter\Database\MySQLi\Connection->execute('SELECT *\nFROM `...')
#2 E:\KULIAH\PKL\rest112\system\Database\BaseConnection.php(641): CodeIgniter\Database\BaseConnection->simpleQuery('SELECT *\nFROM `...')
#3 E:\KULIAH\PKL\rest112\system\Database\BaseBuilder.php(1866): CodeIgniter\Database\BaseConnection->query('SELECT *\nFROM `...', Array, false)
#4 E:\KULIAH\PKL\rest112\system\Model.php(169): CodeIgniter\Database\BaseBuilder->get()
#5 E:\KULIAH\PKL\rest112\system\BaseModel.php(518): CodeIgniter\Model->doFind(true, '8')
#6 E:\KULIAH\PKL\rest112\app\Controllers\Feedback.php(36): CodeIgniter\BaseModel->find('8')
#7 E:\KULIAH\PKL\rest112\system\CodeIgniter.php(936): App\Controllers\Feedback->delete('8')
#8 E:\KULIAH\PKL\rest112\system\CodeIgniter.php(432): CodeIgniter\CodeIgniter->runController(Object(App\Controllers\Feedback))
#9 E:\KULIAH\PKL\rest112\system\CodeIgniter.php(333): CodeIgniter\CodeIgniter->handleRequest(NULL, Object(Config\Cache), false)
#10 E:\KULIAH\PKL\rest112\public\index.php(44): CodeIgniter\CodeIgniter->run()
#11 E:\KULIAH\PKL\rest112\system\Commands\Server\rewrite.php(45): require_once('E:\\KULIAH\\PKL\\r...')
#12 {main}
ERROR - 2021-02-08 16:34:50 --> mysqli_sql_exception: Unknown column 'id' in 'where clause' in E:\KULIAH\PKL\rest112\system\Database\MySQLi\Connection.php:314
Stack trace:
#0 E:\KULIAH\PKL\rest112\system\Database\MySQLi\Connection.php(314): mysqli->query('DELETE FROM `fe...')
#1 E:\KULIAH\PKL\rest112\system\Database\BaseConnection.php(713): CodeIgniter\Database\MySQLi\Connection->execute('DELETE FROM `fe...')
#2 E:\KULIAH\PKL\rest112\system\Database\BaseConnection.php(641): CodeIgniter\Database\BaseConnection->simpleQuery('DELETE FROM `fe...')
#3 E:\KULIAH\PKL\rest112\system\Database\BaseBuilder.php(2864): CodeIgniter\Database\BaseConnection->query('DELETE FROM `fe...', Array, false)
#4 E:\KULIAH\PKL\rest112\system\Model.php(422): CodeIgniter\Database\BaseBuilder->delete()
#5 E:\KULIAH\PKL\rest112\system\BaseModel.php(1009): CodeIgniter\Model->doDelete(Array, false)
#6 E:\KULIAH\PKL\rest112\app\Controllers\Feedback.php(38): CodeIgniter\BaseModel->delete(Array)
#7 E:\KULIAH\PKL\rest112\system\CodeIgniter.php(936): App\Controllers\Feedback->delete('8')
#8 E:\KULIAH\PKL\rest112\system\CodeIgniter.php(432): CodeIgniter\CodeIgniter->runController(Object(App\Controllers\Feedback))
#9 E:\KULIAH\PKL\rest112\system\CodeIgniter.php(333): CodeIgniter\CodeIgniter->handleRequest(NULL, Object(Config\Cache), false)
#10 E:\KULIAH\PKL\rest112\public\index.php(44): CodeIgniter\CodeIgniter->run()
#11 E:\KULIAH\PKL\rest112\system\Commands\Server\rewrite.php(45): require_once('E:\\KULIAH\\PKL\\r...')
#12 {main}
CRITICAL - 2021-02-08 16:34:50 --> Unknown column 'id' in 'where clause'
#0 E:\KULIAH\PKL\rest112\system\Database\MySQLi\Connection.php(314): mysqli->query('DELETE FROM `fe...')
#1 E:\KULIAH\PKL\rest112\system\Database\BaseConnection.php(713): CodeIgniter\Database\MySQLi\Connection->execute('DELETE FROM `fe...')
#2 E:\KULIAH\PKL\rest112\system\Database\BaseConnection.php(641): CodeIgniter\Database\BaseConnection->simpleQuery('DELETE FROM `fe...')
#3 E:\KULIAH\PKL\rest112\system\Database\BaseBuilder.php(2864): CodeIgniter\Database\BaseConnection->query('DELETE FROM `fe...', Array, false)
#4 E:\KULIAH\PKL\rest112\system\Model.php(422): CodeIgniter\Database\BaseBuilder->delete()
#5 E:\KULIAH\PKL\rest112\system\BaseModel.php(1009): CodeIgniter\Model->doDelete(Array, false)
#6 E:\KULIAH\PKL\rest112\app\Controllers\Feedback.php(38): CodeIgniter\BaseModel->delete(Array)
#7 E:\KULIAH\PKL\rest112\system\CodeIgniter.php(936): App\Controllers\Feedback->delete('8')
#8 E:\KULIAH\PKL\rest112\system\CodeIgniter.php(432): CodeIgniter\CodeIgniter->runController(Object(App\Controllers\Feedback))
#9 E:\KULIAH\PKL\rest112\system\CodeIgniter.php(333): CodeIgniter\CodeIgniter->handleRequest(NULL, Object(Config\Cache), false)
#10 E:\KULIAH\PKL\rest112\public\index.php(44): CodeIgniter\CodeIgniter->run()
#11 E:\KULIAH\PKL\rest112\system\Commands\Server\rewrite.php(45): require_once('E:\\KULIAH\\PKL\\r...')
#12 {main}
ERROR - 2021-02-08 16:39:25 --> mysqli_sql_exception: Unknown column 'news.id' in 'where clause' in E:\KULIAH\PKL\rest112\system\Database\MySQLi\Connection.php:314
Stack trace:
#0 E:\KULIAH\PKL\rest112\system\Database\MySQLi\Connection.php(314): mysqli->query('SELECT *\nFROM `...')
#1 E:\KULIAH\PKL\rest112\system\Database\BaseConnection.php(713): CodeIgniter\Database\MySQLi\Connection->execute('SELECT *\nFROM `...')
#2 E:\KULIAH\PKL\rest112\system\Database\BaseConnection.php(641): CodeIgniter\Database\BaseConnection->simpleQuery('SELECT *\nFROM `...')
#3 E:\KULIAH\PKL\rest112\system\Database\BaseBuilder.php(1866): CodeIgniter\Database\BaseConnection->query('SELECT *\nFROM `...', Array, false)
#4 E:\KULIAH\PKL\rest112\system\Model.php(169): CodeIgniter\Database\BaseBuilder->get()
#5 E:\KULIAH\PKL\rest112\system\BaseModel.php(518): CodeIgniter\Model->doFind(true, '43')
#6 E:\KULIAH\PKL\rest112\app\Controllers\News.php(36): CodeIgniter\BaseModel->find('43')
#7 E:\KULIAH\PKL\rest112\system\CodeIgniter.php(936): App\Controllers\News->delete('43')
#8 E:\KULIAH\PKL\rest112\system\CodeIgniter.php(432): CodeIgniter\CodeIgniter->runController(Object(App\Controllers\News))
#9 E:\KULIAH\PKL\rest112\system\CodeIgniter.php(333): CodeIgniter\CodeIgniter->handleRequest(NULL, Object(Config\Cache), false)
#10 E:\KULIAH\PKL\rest112\public\index.php(44): CodeIgniter\CodeIgniter->run()
#11 E:\KULIAH\PKL\rest112\system\Commands\Server\rewrite.php(45): require_once('E:\\KULIAH\\PKL\\r...')
#12 {main}
CRITICAL - 2021-02-08 16:39:25 --> Unknown column 'news.id' in 'where clause'
#0 E:\KULIAH\PKL\rest112\system\Database\MySQLi\Connection.php(314): mysqli->query('SELECT *\nFROM `...')
#1 E:\KULIAH\PKL\rest112\system\Database\BaseConnection.php(713): CodeIgniter\Database\MySQLi\Connection->execute('SELECT *\nFROM `...')
#2 E:\KULIAH\PKL\rest112\system\Database\BaseConnection.php(641): CodeIgniter\Database\BaseConnection->simpleQuery('SELECT *\nFROM `...')
#3 E:\KULIAH\PKL\rest112\system\Database\BaseBuilder.php(1866): CodeIgniter\Database\BaseConnection->query('SELECT *\nFROM `...', Array, false)
#4 E:\KULIAH\PKL\rest112\system\Model.php(169): CodeIgniter\Database\BaseBuilder->get()
#5 E:\KULIAH\PKL\rest112\system\BaseModel.php(518): CodeIgniter\Model->doFind(true, '43')
#6 E:\KULIAH\PKL\rest112\app\Controllers\News.php(36): CodeIgniter\BaseModel->find('43')
#7 E:\KULIAH\PKL\rest112\system\CodeIgniter.php(936): App\Controllers\News->delete('43')
#8 E:\KULIAH\PKL\rest112\system\CodeIgniter.php(432): CodeIgniter\CodeIgniter->runController(Object(App\Controllers\News))
#9 E:\KULIAH\PKL\rest112\system\CodeIgniter.php(333): CodeIgniter\CodeIgniter->handleRequest(NULL, Object(Config\Cache), false)
#10 E:\KULIAH\PKL\rest112\public\index.php(44): CodeIgniter\CodeIgniter->run()
#11 E:\KULIAH\PKL\rest112\system\Commands\Server\rewrite.php(45): require_once('E:\\KULIAH\\PKL\\r...')
#12 {main}
ERROR - 2021-02-08 16:49:26 --> mysqli_sql_exception: Unknown column 'news.id' in 'where clause' in E:\KULIAH\PKL\rest112\system\Database\MySQLi\Connection.php:314
Stack trace:
#0 E:\KULIAH\PKL\rest112\system\Database\MySQLi\Connection.php(314): mysqli->query('SELECT *\nFROM `...')
#1 E:\KULIAH\PKL\rest112\system\Database\BaseConnection.php(713): CodeIgniter\Database\MySQLi\Connection->execute('SELECT *\nFROM `...')
#2 E:\KULIAH\PKL\rest112\system\Database\BaseConnection.php(641): CodeIgniter\Database\BaseConnection->simpleQuery('SELECT *\nFROM `...')
#3 E:\KULIAH\PKL\rest112\system\Database\BaseBuilder.php(1866): CodeIgniter\Database\BaseConnection->query('SELECT *\nFROM `...', Array, false)
#4 E:\KULIAH\PKL\rest112\system\Model.php(169): CodeIgniter\Database\BaseBuilder->get()
#5 E:\KULIAH\PKL\rest112\system\BaseModel.php(518): CodeIgniter\Model->doFind(true, '44')
#6 E:\KULIAH\PKL\rest112\app\Controllers\News.php(36): CodeIgniter\BaseModel->find('44')
#7 E:\KULIAH\PKL\rest112\system\CodeIgniter.php(936): App\Controllers\News->delete('44')
#8 E:\KULIAH\PKL\rest112\system\CodeIgniter.php(432): CodeIgniter\CodeIgniter->runController(Object(App\Controllers\News))
#9 E:\KULIAH\PKL\rest112\system\CodeIgniter.php(333): CodeIgniter\CodeIgniter->handleRequest(NULL, Object(Config\Cache), false)
#10 E:\KULIAH\PKL\rest112\public\index.php(44): CodeIgniter\CodeIgniter->run()
#11 E:\KULIAH\PKL\rest112\system\Commands\Server\rewrite.php(45): require_once('E:\\KULIAH\\PKL\\r...')
#12 {main}
CRITICAL - 2021-02-08 16:49:26 --> Unknown column 'news.id' in 'where clause'
#0 E:\KULIAH\PKL\rest112\system\Database\MySQLi\Connection.php(314): mysqli->query('SELECT *\nFROM `...')
#1 E:\KULIAH\PKL\rest112\system\Database\BaseConnection.php(713): CodeIgniter\Database\MySQLi\Connection->execute('SELECT *\nFROM `...')
#2 E:\KULIAH\PKL\rest112\system\Database\BaseConnection.php(641): CodeIgniter\Database\BaseConnection->simpleQuery('SELECT *\nFROM `...')
#3 E:\KULIAH\PKL\rest112\system\Database\BaseBuilder.php(1866): CodeIgniter\Database\BaseConnection->query('SELECT *\nFROM `...', Array, false)
#4 E:\KULIAH\PKL\rest112\system\Model.php(169): CodeIgniter\Database\BaseBuilder->get()
#5 E:\KULIAH\PKL\rest112\system\BaseModel.php(518): CodeIgniter\Model->doFind(true, '44')
#6 E:\KULIAH\PKL\rest112\app\Controllers\News.php(36): CodeIgniter\BaseModel->find('44')
#7 E:\KULIAH\PKL\rest112\system\CodeIgniter.php(936): App\Controllers\News->delete('44')
#8 E:\KULIAH\PKL\rest112\system\CodeIgniter.php(432): CodeIgniter\CodeIgniter->runController(Object(App\Controllers\News))
#9 E:\KULIAH\PKL\rest112\system\CodeIgniter.php(333): CodeIgniter\CodeIgniter->handleRequest(NULL, Object(Config\Cache), false)
#10 E:\KULIAH\PKL\rest112\public\index.php(44): CodeIgniter\CodeIgniter->run()
#11 E:\KULIAH\PKL\rest112\system\Commands\Server\rewrite.php(45): require_once('E:\\KULIAH\\PKL\\r...')
#12 {main}
CRITICAL - 2021-02-08 17:00:05 --> There is no data to insert.
#0 E:\KULIAH\PKL\rest112\system\BaseModel.php(1682): CodeIgniter\Database\Exceptions\DataException::forEmptyDataset('insert')
#1 E:\KULIAH\PKL\rest112\system\BaseModel.php(719): CodeIgniter\BaseModel->transformDataToArray(NULL, 'insert')
#2 E:\KULIAH\PKL\rest112\system\Model.php(705): CodeIgniter\BaseModel->insert(NULL, true)
#3 E:\KULIAH\PKL\rest112\app\Controllers\Feedback.php(49): CodeIgniter\Model->insert(NULL)
#4 E:\KULIAH\PKL\rest112\system\CodeIgniter.php(936): App\Controllers\Feedback->create()
#5 E:\KULIAH\PKL\rest112\system\CodeIgniter.php(432): CodeIgniter\CodeIgniter->runController(Object(App\Controllers\Feedback))
#6 E:\KULIAH\PKL\rest112\system\CodeIgniter.php(333): CodeIgniter\CodeIgniter->handleRequest(NULL, Object(Config\Cache), false)
#7 E:\KULIAH\PKL\rest112\public\index.php(44): CodeIgniter\CodeIgniter->run()
#8 E:\KULIAH\PKL\rest112\system\Commands\Server\rewrite.php(45): require_once('E:\\KULIAH\\PKL\\r...')
#9 {main}
CRITICAL - 2021-02-08 17:01:02 --> There is no data to insert.
#0 E:\KULIAH\PKL\rest112\system\BaseModel.php(1682): CodeIgniter\Database\Exceptions\DataException::forEmptyDataset('insert')
#1 E:\KULIAH\PKL\rest112\system\BaseModel.php(719): CodeIgniter\BaseModel->transformDataToArray(NULL, 'insert')
#2 E:\KULIAH\PKL\rest112\system\Model.php(705): CodeIgniter\BaseModel->insert(NULL, true)
#3 E:\KULIAH\PKL\rest112\app\Controllers\Feedback.php(49): CodeIgniter\Model->insert(NULL)
#4 E:\KULIAH\PKL\rest112\system\CodeIgniter.php(936): App\Controllers\Feedback->create()
#5 E:\KULIAH\PKL\rest112\system\CodeIgniter.php(432): CodeIgniter\CodeIgniter->runController(Object(App\Controllers\Feedback))
#6 E:\KULIAH\PKL\rest112\system\CodeIgniter.php(333): CodeIgniter\CodeIgniter->handleRequest(NULL, Object(Config\Cache), false)
#7 E:\KULIAH\PKL\rest112\public\index.php(44): CodeIgniter\CodeIgniter->run()
#8 E:\KULIAH\PKL\rest112\system\Commands\Server\rewrite.php(45): require_once('E:\\KULIAH\\PKL\\r...')
#9 {main}
CRITICAL - 2021-02-08 17:01:45 --> There is no data to insert.
#0 E:\KULIAH\PKL\rest112\system\BaseModel.php(735): CodeIgniter\Database\Exceptions\DataException::forEmptyDataset('insert')
#1 E:\KULIAH\PKL\rest112\system\Model.php(705): CodeIgniter\BaseModel->insert(Array, true)
#2 E:\KULIAH\PKL\rest112\app\Controllers\Feedback.php(49): CodeIgniter\Model->insert(Array)
#3 E:\KULIAH\PKL\rest112\system\CodeIgniter.php(936): App\Controllers\Feedback->create()
#4 E:\KULIAH\PKL\rest112\system\CodeIgniter.php(432): CodeIgniter\CodeIgniter->runController(Object(App\Controllers\Feedback))
#5 E:\KULIAH\PKL\rest112\system\CodeIgniter.php(333): CodeIgniter\CodeIgniter->handleRequest(NULL, Object(Config\Cache), false)
#6 E:\KULIAH\PKL\rest112\public\index.php(44): CodeIgniter\CodeIgniter->run()
#7 E:\KULIAH\PKL\rest112\system\Commands\Server\rewrite.php(45): require_once('E:\\KULIAH\\PKL\\r...')
#8 {main}
CRITICAL - 2021-02-08 17:02:45 --> There is no data to insert.
#0 E:\KULIAH\PKL\rest112\system\BaseModel.php(1682): CodeIgniter\Database\Exceptions\DataException::forEmptyDataset('insert')
#1 E:\KULIAH\PKL\rest112\system\BaseModel.php(719): CodeIgniter\BaseModel->transformDataToArray(NULL, 'insert')
#2 E:\KULIAH\PKL\rest112\system\Model.php(705): CodeIgniter\BaseModel->insert(NULL, true)
#3 E:\KULIAH\PKL\rest112\app\Controllers\Products.php(42): CodeIgniter\Model->insert(NULL)
#4 E:\KULIAH\PKL\rest112\system\CodeIgniter.php(936): App\Controllers\Products->create()
#5 E:\KULIAH\PKL\rest112\system\CodeIgniter.php(432): CodeIgniter\CodeIgniter->runController(Object(App\Controllers\Products))
#6 E:\KULIAH\PKL\rest112\system\CodeIgniter.php(333): CodeIgniter\CodeIgniter->handleRequest(NULL, Object(Config\Cache), false)
#7 E:\KULIAH\PKL\rest112\public\index.php(44): CodeIgniter\CodeIgniter->run()
#8 E:\KULIAH\PKL\rest112\system\Commands\Server\rewrite.php(45): require_once('E:\\KULIAH\\PKL\\r...')
#9 {main}
CRITICAL - 2021-02-08 17:03:38 --> There is no data to insert.
#0 E:\KULIAH\PKL\rest112\system\BaseModel.php(735): CodeIgniter\Database\Exceptions\DataException::forEmptyDataset('insert')
#1 E:\KULIAH\PKL\rest112\system\Model.php(705): CodeIgniter\BaseModel->insert(Array, true)
#2 E:\KULIAH\PKL\rest112\app\Controllers\Feedback.php(49): CodeIgniter\Model->insert(Array)
#3 E:\KULIAH\PKL\rest112\system\CodeIgniter.php(936): App\Controllers\Feedback->create()
#4 E:\KULIAH\PKL\rest112\system\CodeIgniter.php(432): CodeIgniter\CodeIgniter->runController(Object(App\Controllers\Feedback))
#5 E:\KULIAH\PKL\rest112\system\CodeIgniter.php(333): CodeIgniter\CodeIgniter->handleRequest(NULL, Object(Config\Cache), false)
#6 E:\KULIAH\PKL\rest112\public\index.php(44): CodeIgniter\CodeIgniter->run()
#7 E:\KULIAH\PKL\rest112\system\Commands\Server\rewrite.php(45): require_once('E:\\KULIAH\\PKL\\r...')
#8 {main}
CRITICAL - 2021-02-08 17:04:00 --> There is no data to insert.
#0 E:\KULIAH\PKL\rest112\system\BaseModel.php(735): CodeIgniter\Database\Exceptions\DataException::forEmptyDataset('insert')
#1 E:\KULIAH\PKL\rest112\system\Model.php(705): CodeIgniter\BaseModel->insert(Array, true)
#2 E:\KULIAH\PKL\rest112\app\Controllers\Feedback.php(49): CodeIgniter\Model->insert(Array)
#3 E:\KULIAH\PKL\rest112\system\CodeIgniter.php(936): App\Controllers\Feedback->create()
#4 E:\KULIAH\PKL\rest112\system\CodeIgniter.php(432): CodeIgniter\CodeIgniter->runController(Object(App\Controllers\Feedback))
#5 E:\KULIAH\PKL\rest112\system\CodeIgniter.php(333): CodeIgniter\CodeIgniter->handleRequest(NULL, Object(Config\Cache), false)
#6 E:\KULIAH\PKL\rest112\public\index.php(44): CodeIgniter\CodeIgniter->run()
#7 E:\KULIAH\PKL\rest112\system\Commands\Server\rewrite.php(45): require_once('E:\\KULIAH\\PKL\\r...')
#8 {main}
CRITICAL - 2021-02-08 17:04:22 --> There is no data to insert.
#0 E:\KULIAH\PKL\rest112\system\BaseModel.php(735): CodeIgniter\Database\Exceptions\DataException::forEmptyDataset('insert')
#1 E:\KULIAH\PKL\rest112\system\Model.php(705): CodeIgniter\BaseModel->insert(Array, true)
#2 E:\KULIAH\PKL\rest112\app\Controllers\Feedback.php(49): CodeIgniter\Model->insert(Array)
#3 E:\KULIAH\PKL\rest112\system\CodeIgniter.php(936): App\Controllers\Feedback->create()
#4 E:\KULIAH\PKL\rest112\system\CodeIgniter.php(432): CodeIgniter\CodeIgniter->runController(Object(App\Controllers\Feedback))
#5 E:\KULIAH\PKL\rest112\system\CodeIgniter.php(333): CodeIgniter\CodeIgniter->handleRequest(NULL, Object(Config\Cache), false)
#6 E:\KULIAH\PKL\rest112\public\index.php(44): CodeIgniter\CodeIgniter->run()
#7 E:\KULIAH\PKL\rest112\system\Commands\Server\rewrite.php(45): require_once('E:\\KULIAH\\PKL\\r...')
#8 {main}
CRITICAL - 2021-02-08 19:15:21 --> There is no data to insert.
#0 E:\KULIAH\PKL\rest112\system\BaseModel.php(735): CodeIgniter\Database\Exceptions\DataException::forEmptyDataset('insert')
#1 E:\KULIAH\PKL\rest112\system\Model.php(705): CodeIgniter\BaseModel->insert(Array, true)
#2 E:\KULIAH\PKL\rest112\app\Controllers\Feedback.php(49): CodeIgniter\Model->insert(Array)
#3 E:\KULIAH\PKL\rest112\system\CodeIgniter.php(936): App\Controllers\Feedback->create()
#4 E:\KULIAH\PKL\rest112\system\CodeIgniter.php(432): CodeIgniter\CodeIgniter->runController(Object(App\Controllers\Feedback))
#5 E:\KULIAH\PKL\rest112\system\CodeIgniter.php(333): CodeIgniter\CodeIgniter->handleRequest(NULL, Object(Config\Cache), false)
#6 E:\KULIAH\PKL\rest112\public\index.php(44): CodeIgniter\CodeIgniter->run()
#7 E:\KULIAH\PKL\rest112\system\Commands\Server\rewrite.php(45): require_once('E:\\KULIAH\\PKL\\r...')
#8 {main}
